# JRE version: Java(TM) SE Runtime Environment (12.0.2+10) (build 12.0.2+10)
# Java VM: Java HotSpot(TM) 64-Bit Server VM (12.0.2+10, mixed mode, sharing, tiered, compressed oops, g1 gc, windows-amd64)
Heap:
 garbage-first heap   total 524288K, used 304854K [0x00000000e0000000, 0x0000000100000000)
  region size 1024K, 2 young (2048K), 0 survivors (0K)
 Metaspace       used 11670K, capacity 11869K, committed 12288K, reserved 1060864K
  class space    used 1101K, capacity 1188K, committed 1280K, reserved 1048576K
GC Heap History (10 events):
Event: 7.376 GC heap before
{Heap before GC invocations=46 (full 8):
 garbage-first heap   total 524288K, used 509209K [0x00000000e0000000, 0x0000000100000000)
  region size 1024K, 0 young (0K), 0 survivors (0K)
 Metaspace       used 11635K, capacity 11869K, committed 12288K, reserved 1060864K
  class space    used 1097K, capacity 1188K, committed 1280K, reserved 1048576K
}
Event: 7.377 GC heap after
{Heap after GC invocations=47 (full 8):
 garbage-first heap   total 524288K, used 509209K [0x00000000e0000000, 0x0000000100000000)
  region size 1024K, 0 young (0K), 0 survivors (0K)
 Metaspace       used 11635K, capacity 11869K, committed 12288K, reserved 1060864K
  class space    used 1097K, capacity 1188K, committed 1280K, reserved 1048576K
}
Event: 7.377 GC heap before
{Heap before GC invocations=47 (full 8):
 garbage-first heap   total 524288K, used 509209K [0x00000000e0000000, 0x0000000100000000)
  region size 1024K, 0 young (0K), 0 survivors (0K)
 Metaspace       used 11635K, capacity 11869K, committed 12288K, reserved 1060864K
  class space    used 1097K, capacity 1188K, committed 1280K, reserved 1048576K
}
Event: 7.397 GC heap after
{Heap after GC invocations=48 (full 9):
 garbage-first heap   total 524288K, used 509208K [0x00000000e0000000, 0x0000000100000000)
  region size 1024K, 0 young (0K), 0 survivors (0K)
 Metaspace       used 11635K, capacity 11869K, committed 12288K, reserved 1060864K
  class space    used 1097K, capacity 1188K, committed 1280K, reserved 1048576K
}
Event: 7.397 GC heap before
{Heap before GC invocations=48 (full 9):
 garbage-first heap   total 524288K, used 509208K [0x00000000e0000000, 0x0000000100000000)
  region size 1024K, 0 young (0K), 0 survivors (0K)
 Metaspace       used 11635K, capacity 11869K, committed 12288K, reserved 1060864K
  class space    used 1097K, capacity 1188K, committed 1280K, reserved 1048576K
}
Event: 7.418 GC heap after
{Heap after GC invocations=49 (full 10):
 garbage-first heap   total 524288K, used 509208K [0x00000000e0000000, 0x0000000100000000)
  region size 1024K, 0 young (0K), 0 survivors (0K)
 Metaspace       used 11635K, capacity 11869K, committed 12288K, reserved 1060864K
  class space    used 1097K, capacity 1188K, committed 1280K, reserved 1048576K
}
Event: 9.713 GC heap before
{Heap before GC invocations=49 (full 10):
 garbage-first heap   total 524288K, used 509208K [0x00000000e0000000, 0x0000000100000000)
  region size 1024K, 0 young (0K), 0 survivors (0K)
 Metaspace       used 11635K, capacity 11869K, committed 12288K, reserved 1060864K
  class space    used 1097K, capacity 1188K, committed 1280K, reserved 1048576K
}
Event: 9.715 GC heap after
{Heap after GC invocations=50 (full 10):
 garbage-first heap   total 524288K, used 509208K [0x00000000e0000000, 0x0000000100000000)
  region size 1024K, 0 young (0K), 0 survivors (0K)
 Metaspace       used 11635K, capacity 11869K, committed 12288K, reserved 1060864K
  class space    used 1097K, capacity 1188K, committed 1280K, reserved 1048576K
}
Event: 9.715 GC heap before
{Heap before GC invocations=50 (full 10):
 garbage-first heap   total 524288K, used 509208K [0x00000000e0000000, 0x0000000100000000)
  region size 1024K, 0 young (0K), 0 survivors (0K)
 Metaspace       used 11635K, capacity 11869K, committed 12288K, reserved 1060864K
  class space    used 1097K, capacity 1188K, committed 1280K, reserved 1048576K
}
Event: 9.739 GC heap after
{Heap after GC invocations=51 (full 11):
 garbage-first heap   total 524288K, used 303830K [0x00000000e0000000, 0x0000000100000000)
  region size 1024K, 0 young (0K), 0 survivors (0K)
 Metaspace       used 11635K, capacity 11869K, committed 12288K, reserved 1060864K
  class space    used 1097K, capacity 1188K, committed 1280K, reserved 1048576K
}

